c:\users\endeavor\documents\github\cheesie\debug\vc140.pdb
c:\users\endeavor\documents\github\cheesie\debug\vc140.idb
c:\users\endeavor\documents\github\cheesie\debug\compresch_metroid.obj
c:\users\endeavor\documents\github\cheesie\debug\compresch_pokemon.obj
c:\users\endeavor\documents\github\cheesie\debug\compresch_stdblock.obj
c:\users\endeavor\documents\github\cheesie\debug\crunchtree.obj
c:\users\endeavor\documents\github\cheesie\debug\compression.obj
c:\users\endeavor\documents\github\cheesie\debug\gameimage.obj
c:\users\endeavor\documents\github\cheesie\debug\gbaimage.obj
c:\users\endeavor\documents\github\cheesie\debug\gbatiles.obj
c:\users\endeavor\documents\github\cheesie\debug\globals.obj
c:\users\endeavor\documents\github\cheesie\debug\layer.obj
c:\users\endeavor\documents\github\cheesie\debug\mainpanel.obj
c:\users\endeavor\documents\github\cheesie\debug\mainwindow.obj
c:\users\endeavor\documents\github\cheesie\debug\memfile.obj
c:\users\endeavor\documents\github\cheesie\debug\menu.obj
c:\users\endeavor\documents\github\cheesie\debug\picwindow.obj
c:\users\endeavor\documents\github\cheesie\debug\romclass.obj
c:\users\endeavor\documents\github\cheesie\debug\smclass.obj
c:\users\endeavor\documents\github\cheesie\debug\tilebuffer.obj
c:\users\endeavor\documents\github\cheesie\debug\tilehandling.obj
c:\users\endeavor\documents\github\cheesie\debug\windowstuff.obj
c:\users\endeavor\documents\github\cheesie\debug\app.obj
c:\users\endeavor\documents\github\cheesie\debug\backgrounds.obj
c:\users\endeavor\documents\github\cheesie\debug\bg.obj
c:\users\endeavor\documents\github\cheesie\debug\compare.obj
c:\users\endeavor\documents\github\cheesie\debug\blocklist.obj
c:\users\endeavor\documents\github\cheesie\debug\block_lz2.obj
c:\users\endeavor\documents\github\cheesie\debug\block_lzbitrev.obj
c:\users\endeavor\documents\github\cheesie\debug\block_minus.obj
c:\users\endeavor\documents\github\cheesie\debug\compreschmain.obj
c:\users\endeavor\documents\github\cheesie\debug\compresch_castlevania4.obj
c:\users\endeavor\documents\github\cheesie\debug\compresch_kirby.obj
c:\users\endeavor\documents\github\cheesie\debug\compresch_konamiblock.obj
c:\users\endeavor\documents\github\cheesie\debug\compresch_lttp.obj
c:\users\endeavor\documents\github\cheesie\debug\newcheesy.ilk
c:\users\endeavor\documents\github\cheesie\debug\newcheesy.exe
c:\users\endeavor\documents\github\cheesie\debug\newcheesy.pdb
c:\users\endeavor\documents\github\cheesie\debug\compresch.res
c:\users\endeavor\documents\github\cheesie\debug\newcheesy.tlog\cl.command.1.tlog
c:\users\endeavor\documents\github\cheesie\debug\newcheesy.tlog\cl.read.1.tlog
c:\users\endeavor\documents\github\cheesie\debug\newcheesy.tlog\cl.write.1.tlog
c:\users\endeavor\documents\github\cheesie\debug\newcheesy.tlog\link.command.1.tlog
c:\users\endeavor\documents\github\cheesie\debug\newcheesy.tlog\link.read.1.tlog
c:\users\endeavor\documents\github\cheesie\debug\newcheesy.tlog\link.write.1.tlog
c:\users\endeavor\documents\github\cheesie\debug\newcheesy.tlog\rc.command.1.tlog
c:\users\endeavor\documents\github\cheesie\debug\newcheesy.tlog\rc.read.1.tlog
c:\users\endeavor\documents\github\cheesie\debug\newcheesy.tlog\rc.write.1.tlog
